<?xml version="1.0" encoding="UTF-8"?>
<testsuite xmlns:xsi="http://www.w3.org/2001/XMLSchema-instance" xsi:schemaLocation="https://maven.apache.org/surefire/maven-surefire-plugin/xsd/surefire-test-report.xsd" name="sample.selenium.junit.SampleTest" time="15.11" tests="2" errors="0" skipped="0" failures="1">
  <properties>
[...]
</properties>
  <testcase name="checkcurrentURL" classname="sample.selenium.junit.SampleTest" time="8.02"/>
  <testcase name="login" classname="sample.selenium.junit.SampleTest" time="7.002">
    <failure type="java.lang.AssertionError">java.lang.AssertionError
	at sample.selenium.junit.SampleTest.login(SampleTest.java:40)
</failure>
    <system-err><![CDATA[Starting ChromeDriver 79.0.3945.36 (3582db32b33893869b8c1339e8f4d9ed1816f143-refs/branch-heads/3945@{#614}) on port 6028
Only local connections are allowed.
Please protect ports used by ChromeDriver and related test frameworks to prevent access by malicious code.
Jan 24, 2020 3:02:05 PM org.openqa.selenium.remote.ProtocolHandshake createSession
INFO: Detected dialect: W3C
]]></system-err>
  </testcase>
</testsuite>